<?xml version="1.0" encoding="UTF-8"?>
<testsuite xmlns:xsi="http://www.w3.org/2001/XMLSchema-instance" xsi:noNamespaceSchemaLocation="https://maven.apache.org/surefire/maven-surefire-plugin/xsd/surefire-test-report-3.0.xsd" version="3.0" name="LibraryTest" time="119.321" tests="9" errors="0" skipped="0" failures="0">
  <properties>
[...]
</properties>
  <testcase name="borrowAndReturnBookTest" classname="LibraryTest" time="7.252">
    <system-out><![CDATA[Successfully init class BookTest.
Successfully connect to database.
Successfully reset database.
Successfully release database connection.
]]></system-out>
  </testcase>
  <testcase name="bulkRegisterBookTest" classname="LibraryTest" time="1.973">
    <system-out><![CDATA[Successfully init class BookTest.
Successfully connect to database.
Successfully reset database.
Successfully release database connection.
]]></system-out>
  </testcase>
  <testcase name="modifyBookTest" classname="LibraryTest" time="0.784">
    <system-out><![CDATA[Successfully init class BookTest.
Successfully connect to database.
Successfully reset database.
Successfully release database connection.
]]></system-out>
  </testcase>
  <testcase name="bookRegisterTest" classname="LibraryTest" time="0.336">
    <system-out><![CDATA[Successfully init class BookTest.
Successfully connect to database.
Successfully reset database.
Successfully release database connection.
]]></system-out>
  </testcase>
  <testcase name="incBookStockTest" classname="LibraryTest" time="3.14">
    <system-out><![CDATA[Successfully init class BookTest.
Successfully connect to database.
Successfully reset database.
Successfully release database connection.
]]></system-out>
  </testcase>
  <testcase name="queryBookTest" classname="LibraryTest" time="1.494">
    <system-out><![CDATA[Successfully init class BookTest.
Successfully connect to database.
Successfully reset database.
Successfully release database connection.
]]></system-out>
  </testcase>
  <testcase name="registerAndShowAndRemoveCardTest" classname="LibraryTest" time="0.526">
    <system-out><![CDATA[Successfully init class BookTest.
Successfully connect to database.
Successfully reset database.
Successfully release database connection.
]]></system-out>
  </testcase>
  <testcase name="removeBookTest" classname="LibraryTest" time="0.435">
    <system-out><![CDATA[Successfully init class BookTest.
Successfully connect to database.
Successfully reset database.
Successfully release database connection.
]]></system-out>
  </testcase>
  <testcase name="parallelBorrowBookTest" classname="LibraryTest" time="103.261">
    <system-out><![CDATA[Successfully init class BookTest.
Successfully connect to database.
Successfully reset database.
Thread 0 begin to wait signal
Thread 1 begin to wait signal
Thread 2 begin to wait signal
Thread 3 begin to wait signal
Thread 4 begin to wait signal
Thread 5 begin to wait signal
Thread 6 begin to wait signal
Thread 7 begin to wait signal
Thread 8 begin to wait signal
Thread 9 begin to wait signal
Thread 10 begin to wait signal
Thread 11 begin to wait signal
Thread 12 begin to wait signal
Thread 13 begin to wait signal
Thread 14 begin to wait signal
Thread 0 start to borrow book
Thread 4 start to borrow book
Thread 11 start to borrow book
Thread 14 start to borrow book
Thread 13 start to borrow book
Thread 12 start to borrow book
Thread 10 start to borrow book
Thread 9 start to borrow book
Thread 7 start to borrow book
Thread 8 start to borrow book
Thread 6 start to borrow book
Thread 15 begin to wait signal
Thread 5 start to borrow book
Thread 3 start to borrow book
Thread 2 start to borrow book
Thread 1 start to borrow book
Thread 15 start to borrow book
Successfully release database connection.
]]></system-out>
  </testcase>
</testsuite>